Beginning Export Process Tue Aug 01 13:17:50 2023
S:\Echange\Stage Alix MACGREGOR\Echantillons_AIA\Chromatos_O.AIA\1BUTANOL_IFPEN_9186_2016_alcool.CDF Translated at Tue Aug 01 13:17:50 2023 Elapsed: 2 sec
S:\Echange\Stage Alix MACGREGOR\Echantillons_AIA\Chromatos_O.AIA\1BUTANOL_IFPEN_9186_2016_hydro.CDF Translated at Tue Aug 01 13:17:52 2023 Elapsed: 2 sec
S:\Echange\Stage Alix MACGREGOR\Echantillons_AIA\Chromatos_O.AIA\Biere_Blonde_Canicule_Pilat_alcool.CDF Translated at Tue Aug 01 13:17:54 2023 Elapsed: 1 sec
S:\Echange\Stage Alix MACGREGOR\Echantillons_AIA\Chromatos_O.AIA\Biere_Blonde_Canicule_pilat_hydro.CDF Translated at Tue Aug 01 13:17:55 2023 Elapsed: 3 sec
S:\Echange\Stage Alix MACGREGOR\Echantillons_AIA\Chromatos_O.AIA\Biere_Blonde_Quintor_quinoa_alcool.CDF Translated at Tue Aug 01 13:17:58 2023 Elapsed: 2 sec
S:\Echange\Stage Alix MACGREGOR\Echantillons_AIA\Chromatos_O.AIA\Biere_Blonde_Quintor_quinoa_hydro.CDF Translated at Tue Aug 01 13:18:00 2023 Elapsed: 2 sec
S:\Echange\Stage Alix MACGREGOR\Echantillons_AIA\Chromatos_O.AIA\Biere_Grimbergen_Blanche_alcool.CDF Translated at Tue Aug 01 13:18:03 2023 Elapsed: 1 sec
S:\Echange\Stage Alix MACGREGOR\Echantillons_AIA\Chromatos_O.AIA\Biere_Grimbergen_blanche_hydro.CDF Translated at Tue Aug 01 13:18:04 2023 Elapsed: 3 sec
S:\Echange\Stage Alix MACGREGOR\Echantillons_AIA\Chromatos_O.AIA\Biere_Leffe_Blonde_alcool.CDF Translated at Tue Aug 01 13:18:07 2023 Elapsed: 1 sec
S:\Echange\Stage Alix MACGREGOR\Echantillons_AIA\Chromatos_O.AIA\Biere_Leffe_Blonde_hydro.CDF Translated at Tue Aug 01 13:18:08 2023 Elapsed: 3 sec
S:\Echange\Stage Alix MACGREGOR\Echantillons_AIA\Chromatos_O.AIA\CALUMET_ gel_alcool.CDF Translated at Tue Aug 01 13:18:11 2023 Elapsed: 1 sec
S:\Echange\Stage Alix MACGREGOR\Echantillons_AIA\Chromatos_O.AIA\CALUMET_gel_hydro.CDF Translated at Tue Aug 01 13:18:12 2023 Elapsed: 4 sec
S:\Echange\Stage Alix MACGREGOR\Echantillons_AIA\Chromatos_O.AIA\CASINO_Gel_alcool.CDF Translated at Tue Aug 01 13:18:16 2023 Elapsed: 1 sec
S:\Echange\Stage Alix MACGREGOR\Echantillons_AIA\Chromatos_O.AIA\CASINO_Gel_hydro.CDF Translated at Tue Aug 01 13:18:17 2023 Elapsed: 3 sec
S:\Echange\Stage Alix MACGREGOR\Echantillons_AIA\Chromatos_O.AIA\COINTREAU_2_alcool.CDF Translated at Tue Aug 01 13:18:20 2023 Elapsed: 2 sec
S:\Echange\Stage Alix MACGREGOR\Echantillons_AIA\Chromatos_O.AIA\COINTREAU_2_hydro.CDF Translated at Tue Aug 01 13:18:22 2023 Elapsed: 2 sec
S:\Echange\Stage Alix MACGREGOR\Echantillons_AIA\Chromatos_O.AIA\COINTREAU_alcool.CDF Translated at Tue Aug 01 13:18:25 2023 Elapsed: 1 sec
S:\Echange\Stage Alix MACGREGOR\Echantillons_AIA\Chromatos_O.AIA\COINTREAU_hydro.CDF Translated at Tue Aug 01 13:18:26 2023 Elapsed: 3 sec
S:\Echange\Stage Alix MACGREGOR\Echantillons_AIA\Chromatos_O.AIA\gel_allume_feu_CASINO.CDF Translated at Tue Aug 01 13:18:29 2023 Elapsed: 1 sec
S:\Echange\Stage Alix MACGREGOR\Echantillons_AIA\Chromatos_O.AIA\gel_allume_feu_CASINO_hydro.CDF Translated at Tue Aug 01 13:18:30 2023 Elapsed: 3 sec
S:\Echange\Stage Alix MACGREGOR\Echantillons_AIA\Chromatos_O.AIA\GM_ gel_alcool.CDF Translated at Tue Aug 01 13:18:33 2023 Elapsed: 1 sec
S:\Echange\Stage Alix MACGREGOR\Echantillons_AIA\Chromatos_O.AIA\GM_gel_hydro.CDF Translated at Tue Aug 01 13:18:34 2023 Elapsed: 3 sec
S:\Echange\Stage Alix MACGREGOR\Echantillons_AIA\Chromatos_O.AIA\ONYX_gel_alcool.CDF Translated at Tue Aug 01 13:18:37 2023 Elapsed: 2 sec
S:\Echange\Stage Alix MACGREGOR\Echantillons_AIA\Chromatos_O.AIA\ONYX_gel_hydro.CDF Translated at Tue Aug 01 13:18:39 2023 Elapsed: 3 sec
S:\Echange\Stage Alix MACGREGOR\Echantillons_AIA\Chromatos_O.AIA\PORTO_BACCARDI_alcool.CDF Translated at Tue Aug 01 13:18:42 2023 Elapsed: 1 sec
S:\Echange\Stage Alix MACGREGOR\Echantillons_AIA\Chromatos_O.AIA\PORTO_BACCARDI_hydro.CDF Translated at Tue Aug 01 13:18:43 2023 Elapsed: 3 sec
S:\Echange\Stage Alix MACGREGOR\Echantillons_AIA\Chromatos_O.AIA\RESPECT_ON_ gel_alcool.CDF Translated at Tue Aug 01 13:18:46 2023 Elapsed: 1 sec
S:\Echange\Stage Alix MACGREGOR\Echantillons_AIA\Chromatos_O.AIA\RESPECT_ON_gel_hydro.CDF Translated at Tue Aug 01 13:18:47 2023 Elapsed: 4 sec
S:\Echange\Stage Alix MACGREGOR\Echantillons_AIA\Chromatos_O.AIA\SOHO_LITCHI_alcool.CDF Translated at Tue Aug 01 13:18:51 2023 Elapsed: 1 sec
S:\Echange\Stage Alix MACGREGOR\Echantillons_AIA\Chromatos_O.AIA\SOHO_LITCHI_hydro.CDF Translated at Tue Aug 01 13:18:52 2023 Elapsed: 3 sec
S:\Echange\Stage Alix MACGREGOR\Echantillons_AIA\Chromatos_O.AIA\Vin_blanc_L_Entente 280918 alcool.CDF Translated at Tue Aug 01 13:18:55 2023 Elapsed: 1 sec
S:\Echange\Stage Alix MACGREGOR\Echantillons_AIA\Chromatos_O.AIA\Vin_blanc_L_Entente 280918 hydro.CDF Translated at Tue Aug 01 13:18:56 2023 Elapsed: 3 sec
S:\Echange\Stage Alix MACGREGOR\Echantillons_AIA\Chromatos_O.AIA\Vin_blanc_Viognier 2016 280918 alcool.CDF Translated at Tue Aug 01 13:18:59 2023 Elapsed: 1 sec
S:\Echange\Stage Alix MACGREGOR\Echantillons_AIA\Chromatos_O.AIA\Vin_blanc_Viognier 2016 280918 hydro.CDF Translated at Tue Aug 01 13:19:00 2023 Elapsed: 3 sec
S:\Echange\Stage Alix MACGREGOR\Echantillons_AIA\Chromatos_O.AIA\vin_rose_TERRA_VECCHIA_alcool.CDF Translated at Tue Aug 01 13:19:03 2023 Elapsed: 2 sec
S:\Echange\Stage Alix MACGREGOR\Echantillons_AIA\Chromatos_O.AIA\vin_rose_TERRA_VECCHIA_hydro.CDF Translated at Tue Aug 01 13:19:05 2023 Elapsed: 3 sec
S:\Echange\Stage Alix MACGREGOR\Echantillons_AIA\Chromatos_O.AIA\Vodka_poliakov_alcool.CDF Translated at Tue Aug 01 13:19:08 2023 Elapsed: 1 sec
S:\Echange\Stage Alix MACGREGOR\Echantillons_AIA\Chromatos_O.AIA\Vodka_poliakov_hydro.CDF Translated at Tue Aug 01 13:19:09 2023 Elapsed: 3 sec
S:\Echange\Stage Alix MACGREGOR\Echantillons_AIA\Chromatos_O.AIA\Whisky_Grant_s alcool.CDF Translated at Tue Aug 01 13:19:12 2023 Elapsed: 2 sec
S:\Echange\Stage Alix MACGREGOR\Echantillons_AIA\Chromatos_O.AIA\Whisky_Grant_s hydro.CDF Translated at Tue Aug 01 13:19:14 2023 Elapsed: 3 sec
S:\Echange\Stage Alix MACGREGOR\Echantillons_AIA\Chromatos_O.AIA\Whisky_J_B_alcool.CDF Translated at Tue Aug 01 13:19:17 2023 Elapsed: 1 sec
S:\Echange\Stage Alix MACGREGOR\Echantillons_AIA\Chromatos_O.AIA\Whisky_J_B_hydro.CDF Translated at Tue Aug 01 13:19:18 2023 Elapsed: 3 sec
S:\Echange\Stage Alix MACGREGOR\Echantillons_AIA\Chromatos_O.AIA\Whisky_Jack_Daniel_s alcool.CDF Translated at Tue Aug 01 13:19:21 2023 Elapsed: 1 sec
S:\Echange\Stage Alix MACGREGOR\Echantillons_AIA\Chromatos_O.AIA\Whisky_Jack_Daniel_s hydro.CDF Translated at Tue Aug 01 13:19:22 2023 Elapsed: 3 sec
S:\Echange\Stage Alix MACGREGOR\Echantillons_AIA\Chromatos_O.AIA\Whisky_JAMESON_alcool.CDF Translated at Tue Aug 01 13:19:25 2023 Elapsed: 2 sec
S:\Echange\Stage Alix MACGREGOR\Echantillons_AIA\Chromatos_O.AIA\Whisky_JAMESON_hydro.CDF Translated at Tue Aug 01 13:19:27 2023 Elapsed: 2 sec
S:\Echange\Stage Alix MACGREGOR\Echantillons_AIA\Chromatos_O.AIA\Whisky_OLD_HARBOR_alcool.CDF Translated at Tue Aug 01 13:19:30 2023 Elapsed: 1 sec
S:\Echange\Stage Alix MACGREGOR\Echantillons_AIA\Chromatos_O.AIA\Whisky_OLD_HARBOR_hydro.CDF Translated at Tue Aug 01 13:19:31 2023 Elapsed: 3 sec
S:\Echange\Stage Alix MACGREGOR\Echantillons_AIA\Chromatos_O.AIA\Whisky_William_Lawson alcool.CDF Translated at Tue Aug 01 13:19:34 2023 Elapsed: 1 sec
S:\Echange\Stage Alix MACGREGOR\Echantillons_AIA\Chromatos_O.AIA\Whisky_William_Lawson hydro.CDF Translated at Tue Aug 01 13:19:35 2023 Elapsed: 3 sec
