Beginning Export Process Tue Aug 01 13:12:18 2023
S:\Echange\Stage Alix MACGREGOR\Echantillons_AIA\Chromatos_In.AIA\Adipate_Octyl_LAMBERT_RIVIERE_alcool.CDF Translated at Tue Aug 01 13:12:18 2023 Elapsed: 1 sec
S:\Echange\Stage Alix MACGREGOR\Echantillons_AIA\Chromatos_In.AIA\Adipate_Octyl_LAMBERT_RIVIERE_hydro.CDF Translated at Tue Aug 01 13:12:19 2023 Elapsed: 3 sec
S:\Echange\Stage Alix MACGREGOR\Echantillons_AIA\Chromatos_In.AIA\Derouillant_ONYX_2012_alcool.CDF Translated at Tue Aug 01 13:12:22 2023 Elapsed: 2 sec
S:\Echange\Stage Alix MACGREGOR\Echantillons_AIA\Chromatos_In.AIA\Derouillant_ONYX_2012_hydro.CDF Translated at Tue Aug 01 13:12:24 2023 Elapsed: 3 sec
S:\Echange\Stage Alix MACGREGOR\Echantillons_AIA\Chromatos_In.AIA\Dowanol_DPM_LAMBERT_RIVIERE_alcool.CDF Translated at Tue Aug 01 13:12:27 2023 Elapsed: 1 sec
S:\Echange\Stage Alix MACGREGOR\Echantillons_AIA\Chromatos_In.AIA\Dowanol_DPM_LAMBERT_RIVIERE_hydro.CDF Translated at Tue Aug 01 13:12:28 2023 Elapsed: 3 sec
S:\Echange\Stage Alix MACGREGOR\Echantillons_AIA\Chromatos_In.AIA\Dowanol_PM_1_2_5_LAMBERT_RIVIERE_alcool.CDF Translated at Tue Aug 01 13:12:31 2023 Elapsed: 2 sec
S:\Echange\Stage Alix MACGREGOR\Echantillons_AIA\Chromatos_In.AIA\Dowanol_PM_1_2_5_LAMBERT_RIVIERE_hydro.CDF Translated at Tue Aug 01 13:12:33 2023 Elapsed: 3 sec
S:\Echange\Stage Alix MACGREGOR\Echantillons_AIA\Chromatos_In.AIA\Dowanol_TPNB_LAMBERT_RIVIERE_alcool.CDF Translated at Tue Aug 01 13:12:36 2023 Elapsed: 2 sec
S:\Echange\Stage Alix MACGREGOR\Echantillons_AIA\Chromatos_In.AIA\Dowanol_TPNB_LAMBERT_RIVIERE_hydro.CDF Translated at Tue Aug 01 13:12:38 2023 Elapsed: 4 sec
S:\Echange\Stage Alix MACGREGOR\Echantillons_AIA\Chromatos_In.AIA\Ecosolvant_ONYX_2012 alcool.CDF Translated at Tue Aug 01 13:12:42 2023 Elapsed: 1 sec
S:\Echange\Stage Alix MACGREGOR\Echantillons_AIA\Chromatos_In.AIA\Ecosolvant_ONYX_2012 hydro.CDF Translated at Tue Aug 01 13:12:43 2023 Elapsed: 3 sec
S:\Echange\Stage Alix MACGREGOR\Echantillons_AIA\Chromatos_In.AIA\Phtalat_Butyl_LAMBERT_RIVIERE_alcool.CDF Translated at Tue Aug 01 13:12:46 2023 Elapsed: 2 sec
S:\Echange\Stage Alix MACGREGOR\Echantillons_AIA\Chromatos_In.AIA\Phtalat_Butyl_LAMBERT_RIVIERE_hydro.CDF Translated at Tue Aug 01 13:12:48 2023 Elapsed: 3 sec
S:\Echange\Stage Alix MACGREGOR\Echantillons_AIA\Chromatos_In.AIA\Phtalat_Ethyl_LAMBERT_RIVIERE_alcool.CDF Translated at Tue Aug 01 13:12:51 2023 Elapsed: 1 sec
S:\Echange\Stage Alix MACGREGOR\Echantillons_AIA\Chromatos_In.AIA\Phtalat_Ethyl_LAMBERT_RIVIERE_hydro.CDF Translated at Tue Aug 01 13:12:52 2023 Elapsed: 4 sec
S:\Echange\Stage Alix MACGREGOR\Echantillons_AIA\Chromatos_In.AIA\Phtalat_Isobutyl_LAMBERT_RIVIERE_alcool.CDF Translated at Tue Aug 01 13:12:56 2023 Elapsed: 1 sec
S:\Echange\Stage Alix MACGREGOR\Echantillons_AIA\Chromatos_In.AIA\Phtalat_Isobutyl_LAMBERT_RIVIERE_hydro.CDF Translated at Tue Aug 01 13:12:57 2023 Elapsed: 4 sec
S:\Echange\Stage Alix MACGREGOR\Echantillons_AIA\Chromatos_In.AIA\Phtalat_Methyl_LAMBERT_RIVIERE_alcool.CDF Translated at Tue Aug 01 13:13:01 2023 Elapsed: 1 sec
S:\Echange\Stage Alix MACGREGOR\Echantillons_AIA\Chromatos_In.AIA\Phtalat_Methyl_LAMBERT_RIVIERE_hydro.CDF Translated at Tue Aug 01 13:13:02 2023 Elapsed: 3 sec
S:\Echange\Stage Alix MACGREGOR\Echantillons_AIA\Chromatos_In.AIA\Phtalat_Octyl_LAMBERT_RIVIERE_alcool.CDF Translated at Tue Aug 01 13:13:05 2023 Elapsed: 2 sec
S:\Echange\Stage Alix MACGREGOR\Echantillons_AIA\Chromatos_In.AIA\Phtalat_Octyl_LAMBERT_RIVIERE_hydro.CDF Translated at Tue Aug 01 13:13:07 2023 Elapsed: 3 sec
