Beginning Export Process Tue Jun 20 14:17:53 2023
S:\Echange\Stage Alix MACGREGOR\Echantillons_AIA\Chromatos.AIA\ech122.CDF Translated at Tue Jun 20 14:17:53 2023 Elapsed: 2 sec
S:\Echange\Stage Alix MACGREGOR\Echantillons_AIA\Chromatos.AIA\ech137.CDF Translated at Tue Jun 20 14:17:55 2023 Elapsed: 2 sec
S:\Echange\Stage Alix MACGREGOR\Echantillons_AIA\Chromatos.AIA\ech154.CDF Translated at Tue Jun 20 14:17:57 2023 Elapsed: 2 sec
S:\Echange\Stage Alix MACGREGOR\Echantillons_AIA\Chromatos.AIA\ech156.CDF Translated at Tue Jun 20 14:17:59 2023 Elapsed: 6 sec
S:\Echange\Stage Alix MACGREGOR\Echantillons_AIA\Chromatos.AIA\ech166.CDF Translated at Tue Jun 20 14:18:05 2023 Elapsed: 2 sec
S:\Echange\Stage Alix MACGREGOR\Echantillons_AIA\Chromatos.AIA\ech198.CDF Translated at Tue Jun 20 14:18:08 2023 Elapsed: 2 sec
S:\Echange\Stage Alix MACGREGOR\Echantillons_AIA\Chromatos.AIA\ech203.CDF Translated at Tue Jun 20 14:18:10 2023 Elapsed: 2 sec
S:\Echange\Stage Alix MACGREGOR\Echantillons_AIA\Chromatos.AIA\ech205.CDF Translated at Tue Jun 20 14:18:12 2023 Elapsed: 1 sec
S:\Echange\Stage Alix MACGREGOR\Echantillons_AIA\Chromatos.AIA\ech208.CDF Translated at Tue Jun 20 14:18:14 2023 Elapsed: 2 sec
S:\Echange\Stage Alix MACGREGOR\Echantillons_AIA\Chromatos.AIA\ech218.CDF Translated at Tue Jun 20 14:18:16 2023 Elapsed: 2 sec
S:\Echange\Stage Alix MACGREGOR\Echantillons_AIA\Chromatos.AIA\ech219.CDF Translated at Tue Jun 20 14:18:18 2023 Elapsed: 2 sec
S:\Echange\Stage Alix MACGREGOR\Echantillons_AIA\Chromatos.AIA\ech221.CDF Translated at Tue Jun 20 14:18:20 2023 Elapsed: 2 sec
S:\Echange\Stage Alix MACGREGOR\Echantillons_AIA\Chromatos.AIA\ech234.CDF Translated at Tue Jun 20 14:18:22 2023 Elapsed: 2 sec
S:\Echange\Stage Alix MACGREGOR\Echantillons_AIA\Chromatos.AIA\ech235.CDF Translated at Tue Jun 20 14:18:24 2023 Elapsed: 2 sec
S:\Echange\Stage Alix MACGREGOR\Echantillons_AIA\Chromatos.AIA\ech254.CDF Translated at Tue Jun 20 14:18:26 2023 Elapsed: 2 sec
S:\Echange\Stage Alix MACGREGOR\Echantillons_AIA\Chromatos.AIA\ech255.CDF Translated at Tue Jun 20 14:18:28 2023 Elapsed: 2 sec
S:\Echange\Stage Alix MACGREGOR\Echantillons_AIA\Chromatos.AIA\ech256.CDF Translated at Tue Jun 20 14:18:30 2023 Elapsed: 3 sec
S:\Echange\Stage Alix MACGREGOR\Echantillons_AIA\Chromatos.AIA\ech257.CDF Translated at Tue Jun 20 14:18:33 2023 Elapsed: 3 sec
S:\Echange\Stage Alix MACGREGOR\Echantillons_AIA\Chromatos.AIA\ech259.CDF Translated at Tue Jun 20 14:18:36 2023 Elapsed: 2 sec
S:\Echange\Stage Alix MACGREGOR\Echantillons_AIA\Chromatos.AIA\ech261.CDF Translated at Tue Jun 20 14:18:38 2023 Elapsed: 2 sec
S:\Echange\Stage Alix MACGREGOR\Echantillons_AIA\Chromatos.AIA\ech262.CDF Translated at Tue Jun 20 14:18:40 2023 Elapsed: 2 sec
S:\Echange\Stage Alix MACGREGOR\Echantillons_AIA\Chromatos.AIA\ech263.CDF Translated at Tue Jun 20 14:18:42 2023 Elapsed: 3 sec
S:\Echange\Stage Alix MACGREGOR\Echantillons_AIA\Chromatos.AIA\ech264.CDF Translated at Tue Jun 20 14:18:45 2023 Elapsed: 2 sec
S:\Echange\Stage Alix MACGREGOR\Echantillons_AIA\Chromatos.AIA\ech277.CDF Translated at Tue Jun 20 14:18:47 2023 Elapsed: 2 sec
S:\Echange\Stage Alix MACGREGOR\Echantillons_AIA\Chromatos.AIA\ech314.CDF Translated at Tue Jun 20 14:18:49 2023 Elapsed: 2 sec
S:\Echange\Stage Alix MACGREGOR\Echantillons_AIA\Chromatos.AIA\ech347.CDF Translated at Tue Jun 20 14:18:51 2023 Elapsed: 2 sec
S:\Echange\Stage Alix MACGREGOR\Echantillons_AIA\Chromatos.AIA\ech70.CDF Translated at Tue Jun 20 14:18:53 2023 Elapsed: 2 sec
S:\Echange\Stage Alix MACGREGOR\Echantillons_AIA\Chromatos.AIA\ech72.CDF Translated at Tue Jun 20 14:18:55 2023 Elapsed: 2 sec
S:\Echange\Stage Alix MACGREGOR\Echantillons_AIA\Chromatos.AIA\ech78.CDF Translated at Tue Jun 20 14:18:57 2023 Elapsed: 2 sec
S:\Echange\Stage Alix MACGREGOR\Echantillons_AIA\Chromatos.AIA\ech86.CDF Translated at Tue Jun 20 14:18:59 2023 Elapsed: 2 sec
S:\Echange\Stage Alix MACGREGOR\Echantillons_AIA\Chromatos.AIA\ech87.CDF Translated at Tue Jun 20 14:19:01 2023 Elapsed: 2 sec
S:\Echange\Stage Alix MACGREGOR\Echantillons_AIA\Chromatos.AIA\ech91.CDF Translated at Tue Jun 20 14:19:03 2023 Elapsed: 2 sec
S:\Echange\Stage Alix MACGREGOR\Echantillons_AIA\Chromatos.AIA\ech92.CDF Translated at Tue Jun 20 14:19:05 2023 Elapsed: 2 sec
S:\Echange\Stage Alix MACGREGOR\Echantillons_AIA\Chromatos.AIA\ech93.CDF Translated at Tue Jun 20 14:19:07 2023 Elapsed: 2 sec
S:\Echange\Stage Alix MACGREGOR\Echantillons_AIA\Chromatos.AIA\ech96.CDF Translated at Tue Jun 20 14:19:09 2023 Elapsed: 2 sec
Beginning Export Process Tue Aug 01 13:06:28 2023
S:\Echange\Stage Alix MACGREGOR\Echantillons_AIA\Chromatos_DP.AIA\BRAISAL_Cube_alcool.CDF Translated at Tue Aug 01 13:06:28 2023 Elapsed: 2 sec
S:\Echange\Stage Alix MACGREGOR\Echantillons_AIA\Chromatos_DP.AIA\BRAISAL_Cube_hydro.CDF Translated at Tue Aug 01 13:06:30 2023 Elapsed: 3 sec
S:\Echange\Stage Alix MACGREGOR\Echantillons_AIA\Chromatos_DP.AIA\CARREFOUR_gel_alcool.CDF Translated at Tue Aug 01 13:06:33 2023 Elapsed: 2 sec
S:\Echange\Stage Alix MACGREGOR\Echantillons_AIA\Chromatos_DP.AIA\CARREFOUR_gel_hydro.CDF Translated at Tue Aug 01 13:06:35 2023 Elapsed: 4 sec
S:\Echange\Stage Alix MACGREGOR\Echantillons_AIA\Chromatos_DP.AIA\FEUDOR_ liquide_alcool.CDF Translated at Tue Aug 01 13:06:39 2023 Elapsed: 1 sec
S:\Echange\Stage Alix MACGREGOR\Echantillons_AIA\Chromatos_DP.AIA\FEUDOR_Cube_express_alcool.CDF Translated at Tue Aug 01 13:06:40 2023 Elapsed: 2 sec
S:\Echange\Stage Alix MACGREGOR\Echantillons_AIA\Chromatos_DP.AIA\FEUDOR_Cube_express_hydro.CDF Translated at Tue Aug 01 13:06:42 2023 Elapsed: 3 sec
S:\Echange\Stage Alix MACGREGOR\Echantillons_AIA\Chromatos_DP.AIA\FEUDOR_enflammettes_alcool.CDF Translated at Tue Aug 01 13:06:45 2023 Elapsed: 2 sec
S:\Echange\Stage Alix MACGREGOR\Echantillons_AIA\Chromatos_DP.AIA\FEUDOR_enflammettes_hydro.CDF Translated at Tue Aug 01 13:06:47 2023 Elapsed: 3 sec
S:\Echange\Stage Alix MACGREGOR\Echantillons_AIA\Chromatos_DP.AIA\FEUDOR_firedisc_alcool.CDF Translated at Tue Aug 01 13:06:50 2023 Elapsed: 2 sec
S:\Echange\Stage Alix MACGREGOR\Echantillons_AIA\Chromatos_DP.AIA\FEUDOR_firedisc_hydro.CDF Translated at Tue Aug 01 13:06:52 2023 Elapsed: 3 sec
S:\Echange\Stage Alix MACGREGOR\Echantillons_AIA\Chromatos_DP.AIA\FEUDOR_liquide_hydro.CDF Translated at Tue Aug 01 13:06:55 2023 Elapsed: 4 sec
S:\Echange\Stage Alix MACGREGOR\Echantillons_AIA\Chromatos_DP.AIA\GM_ liquide_alcool.CDF Translated at Tue Aug 01 13:06:59 2023 Elapsed: 1 sec
S:\Echange\Stage Alix MACGREGOR\Echantillons_AIA\Chromatos_DP.AIA\GM_liquide_hydro.CDF Translated at Tue Aug 01 13:07:00 2023 Elapsed: 4 sec
S:\Echange\Stage Alix MACGREGOR\Echantillons_AIA\Chromatos_DP.AIA\HARRIS_Cube_plein_feu_hydro.CDF Translated at Tue Aug 01 13:07:04 2023 Elapsed: 4 sec
S:\Echange\Stage Alix MACGREGOR\Echantillons_AIA\Chromatos_DP.AIA\PAT_Cube_281218_alcool.CDF Translated at Tue Aug 01 13:07:08 2023 Elapsed: 1 sec
S:\Echange\Stage Alix MACGREGOR\Echantillons_AIA\Chromatos_DP.AIA\PAT_Cube_281218_hydro.CDF Translated at Tue Aug 01 13:07:09 2023 Elapsed: 4 sec
S:\Echange\Stage Alix MACGREGOR\Echantillons_AIA\Chromatos_DP.AIA\VIDAL_Cube_190215_alcool.CDF Translated at Tue Aug 01 13:07:13 2023 Elapsed: 2 sec
S:\Echange\Stage Alix MACGREGOR\Echantillons_AIA\Chromatos_DP.AIA\VIDAL_Cube_190215_hydro.CDF Translated at Tue Aug 01 13:07:15 2023 Elapsed: 4 sec
S:\Echange\Stage Alix MACGREGOR\Echantillons_AIA\Chromatos_DP.AIA\ZIP allume feuliquide sans odeur  hydro.CDF Translated at Tue Aug 01 13:07:19 2023 Elapsed: 4 sec
S:\Echange\Stage Alix MACGREGOR\Echantillons_AIA\Chromatos_DP.AIA\ZIP_ allume_feu_sans_odeur  alcool.CDF Translated at Tue Aug 01 13:07:23 2023 Elapsed: 2 sec
S:\Echange\Stage Alix MACGREGOR\Echantillons_AIA\Chromatos_DP.AIA\ZIP_Cube_16_cubes_190215_alcool.CDF Translated at Tue Aug 01 13:07:25 2023 Elapsed: 1 sec
S:\Echange\Stage Alix MACGREGOR\Echantillons_AIA\Chromatos_DP.AIA\ZIP_Cube_16_cubes_190215_hydro.CDF Translated at Tue Aug 01 13:07:26 2023 Elapsed: 4 sec
S:\Echange\Stage Alix MACGREGOR\Echantillons_AIA\Chromatos_DP.AIA\ZIP_Cube_16_cubes_210219_alcool.CDF Translated at Tue Aug 01 13:07:30 2023 Elapsed: 1 sec
S:\Echange\Stage Alix MACGREGOR\Echantillons_AIA\Chromatos_DP.AIA\ZIP_Cube_16_cubes_210219_hydro.CDF Translated at Tue Aug 01 13:07:31 2023 Elapsed: 5 sec
S:\Echange\Stage Alix MACGREGOR\Echantillons_AIA\Chromatos_DP.AIA\ZIP_Cube_32_cubes_190215_alcool.CDF Translated at Tue Aug 01 13:07:36 2023 Elapsed: 2 sec
S:\Echange\Stage Alix MACGREGOR\Echantillons_AIA\Chromatos_DP.AIA\ZIP_Cube_32_cubes_190215_hydro.CDF Translated at Tue Aug 01 13:07:38 2023 Elapsed: 3 sec
S:\Echange\Stage Alix MACGREGOR\Echantillons_AIA\Chromatos_DP.AIA\ZIP_Cube_32_cubes_210219_alcool.CDF Translated at Tue Aug 01 13:07:42 2023 Elapsed: 1 sec
S:\Echange\Stage Alix MACGREGOR\Echantillons_AIA\Chromatos_DP.AIA\ZIP_Cube_32_cubes_210219_hydro.CDF Translated at Tue Aug 01 13:07:43 2023 Elapsed: 4 sec
