Beginning Export Process Tue Jun 20 14:21:51 2023
S:\Echange\Stage Alix MACGREGOR\Echantillons_AIA\Chromatos_S.AIA\ech270.CDF Translated at Tue Jun 20 14:21:51 2023 Elapsed: 3 sec
S:\Echange\Stage Alix MACGREGOR\Echantillons_AIA\Chromatos_S.AIA\ech272.CDF Translated at Tue Jun 20 14:21:54 2023 Elapsed: 2 sec
S:\Echange\Stage Alix MACGREGOR\Echantillons_AIA\Chromatos_S.AIA\ech303.CDF Translated at Tue Jun 20 14:21:56 2023 Elapsed: 2 sec
S:\Echange\Stage Alix MACGREGOR\Echantillons_AIA\Chromatos_S.AIA\ech342.CDF Translated at Tue Jun 20 14:21:58 2023 Elapsed: 2 sec
S:\Echange\Stage Alix MACGREGOR\Echantillons_AIA\Chromatos_S.AIA\ech343.CDF Translated at Tue Jun 20 14:22:00 2023 Elapsed: 2 sec
Beginning Export Process Tue Aug 01 13:21:35 2023
S:\Echange\Stage Alix MACGREGOR\Echantillons_AIA\Chromatos_S.AIA\E10_ 25%_evapore_ARG_alcool.CDF Translated at Tue Aug 01 13:21:35 2023 Elapsed: 1 sec
S:\Echange\Stage Alix MACGREGOR\Echantillons_AIA\Chromatos_S.AIA\E10_ 50%_evapore_ARG_alcool.CDF Translated at Tue Aug 01 13:21:36 2023 Elapsed: 1 sec
S:\Echange\Stage Alix MACGREGOR\Echantillons_AIA\Chromatos_S.AIA\E10_ 75%_evapore_ARG_alcool.CDF Translated at Tue Aug 01 13:21:37 2023 Elapsed: 2 sec
S:\Echange\Stage Alix MACGREGOR\Echantillons_AIA\Chromatos_S.AIA\E10_ 97%_evapore_ARG_alcool.CDF Translated at Tue Aug 01 13:21:39 2023 Elapsed: 1 sec
S:\Echange\Stage Alix MACGREGOR\Echantillons_AIA\Chromatos_S.AIA\E10_ Temoin_ARG_alcool.CDF Translated at Tue Aug 01 13:21:40 2023 Elapsed: 2 sec
S:\Echange\Stage Alix MACGREGOR\Echantillons_AIA\Chromatos_S.AIA\E10_25%_evapore_ARG hydro.CDF Translated at Tue Aug 01 13:21:42 2023 Elapsed: 3 sec
S:\Echange\Stage Alix MACGREGOR\Echantillons_AIA\Chromatos_S.AIA\E10_50%_evapore_ARG hydro.CDF Translated at Tue Aug 01 13:21:45 2023 Elapsed: 3 sec
S:\Echange\Stage Alix MACGREGOR\Echantillons_AIA\Chromatos_S.AIA\E10_75%_evapore_ARG hydro.CDF Translated at Tue Aug 01 13:21:48 2023 Elapsed: 4 sec
S:\Echange\Stage Alix MACGREGOR\Echantillons_AIA\Chromatos_S.AIA\E10_97%_evapore_ARG hydro.CDF Translated at Tue Aug 01 13:21:52 2023 Elapsed: 3 sec
S:\Echange\Stage Alix MACGREGOR\Echantillons_AIA\Chromatos_S.AIA\E10_Temoin_ARG hydro.CDF Translated at Tue Aug 01 13:21:55 2023 Elapsed: 4 sec
S:\Echange\Stage Alix MACGREGOR\Echantillons_AIA\Chromatos_S.AIA\Echantillon_13_hydro.CDF Translated at Tue Aug 01 13:21:59 2023 Elapsed: 3 sec
S:\Echange\Stage Alix MACGREGOR\Echantillons_AIA\Chromatos_S.AIA\Echantillon_14_hydro.CDF Translated at Tue Aug 01 13:22:02 2023 Elapsed: 3 sec
S:\Echange\Stage Alix MACGREGOR\Echantillons_AIA\Chromatos_S.AIA\Echantillon-1_alcool.CDF Translated at Tue Aug 01 13:22:05 2023 Elapsed: 1 sec
S:\Echange\Stage Alix MACGREGOR\Echantillons_AIA\Chromatos_S.AIA\Echantillon-1_hydro.CDF Translated at Tue Aug 01 13:22:06 2023 Elapsed: 4 sec
S:\Echange\Stage Alix MACGREGOR\Echantillons_AIA\Chromatos_S.AIA\Echantillon-10_alcool.CDF Translated at Tue Aug 01 13:22:10 2023 Elapsed: 1 sec
S:\Echange\Stage Alix MACGREGOR\Echantillons_AIA\Chromatos_S.AIA\Echantillon-10_hydro.CDF Translated at Tue Aug 01 13:22:11 2023 Elapsed: 3 sec
S:\Echange\Stage Alix MACGREGOR\Echantillons_AIA\Chromatos_S.AIA\Echantillon-11_alcool.CDF Translated at Tue Aug 01 13:22:14 2023 Elapsed: 1 sec
S:\Echange\Stage Alix MACGREGOR\Echantillons_AIA\Chromatos_S.AIA\Echantillon-11_hydro.CDF Translated at Tue Aug 01 13:22:15 2023 Elapsed: 4 sec
S:\Echange\Stage Alix MACGREGOR\Echantillons_AIA\Chromatos_S.AIA\Echantillon-12_alcool.CDF Translated at Tue Aug 01 13:22:19 2023 Elapsed: 1 sec
S:\Echange\Stage Alix MACGREGOR\Echantillons_AIA\Chromatos_S.AIA\Echantillon-12_hydro.CDF Translated at Tue Aug 01 13:22:20 2023 Elapsed: 3 sec
S:\Echange\Stage Alix MACGREGOR\Echantillons_AIA\Chromatos_S.AIA\Echantillon-13_alcool.CDF Translated at Tue Aug 01 13:22:23 2023 Elapsed: 1 sec
S:\Echange\Stage Alix MACGREGOR\Echantillons_AIA\Chromatos_S.AIA\Echantillon-14_alcool.CDF Translated at Tue Aug 01 13:22:24 2023 Elapsed: 2 sec
S:\Echange\Stage Alix MACGREGOR\Echantillons_AIA\Chromatos_S.AIA\Echantillon-15_alcool.CDF Translated at Tue Aug 01 13:22:26 2023 Elapsed: 1 sec
S:\Echange\Stage Alix MACGREGOR\Echantillons_AIA\Chromatos_S.AIA\Echantillon-15_hydro.CDF Translated at Tue Aug 01 13:22:27 2023 Elapsed: 3 sec
S:\Echange\Stage Alix MACGREGOR\Echantillons_AIA\Chromatos_S.AIA\Echantillon-16_alcool.CDF Translated at Tue Aug 01 13:22:30 2023 Elapsed: 1 sec
S:\Echange\Stage Alix MACGREGOR\Echantillons_AIA\Chromatos_S.AIA\Echantillon-16_hydro.CDF Translated at Tue Aug 01 13:22:31 2023 Elapsed: 3 sec
S:\Echange\Stage Alix MACGREGOR\Echantillons_AIA\Chromatos_S.AIA\Echantillon-17_alcool.CDF Translated at Tue Aug 01 13:22:34 2023 Elapsed: 1 sec
S:\Echange\Stage Alix MACGREGOR\Echantillons_AIA\Chromatos_S.AIA\Echantillon-17_hydro.CDF Translated at Tue Aug 01 13:22:36 2023 Elapsed: 4 sec
S:\Echange\Stage Alix MACGREGOR\Echantillons_AIA\Chromatos_S.AIA\Echantillon-18_alcool.CDF Translated at Tue Aug 01 13:22:40 2023 Elapsed: 2 sec
S:\Echange\Stage Alix MACGREGOR\Echantillons_AIA\Chromatos_S.AIA\Echantillon-18_hydro.CDF Translated at Tue Aug 01 13:22:42 2023 Elapsed: 4 sec
S:\Echange\Stage Alix MACGREGOR\Echantillons_AIA\Chromatos_S.AIA\Echantillon-19_alcool.CDF Translated at Tue Aug 01 13:22:46 2023 Elapsed: 1 sec
S:\Echange\Stage Alix MACGREGOR\Echantillons_AIA\Chromatos_S.AIA\Echantillon-19_hydro.CDF Translated at Tue Aug 01 13:22:47 2023 Elapsed: 3 sec
S:\Echange\Stage Alix MACGREGOR\Echantillons_AIA\Chromatos_S.AIA\Echantillon-2_alcool.CDF Translated at Tue Aug 01 13:22:50 2023 Elapsed: 1 sec
S:\Echange\Stage Alix MACGREGOR\Echantillons_AIA\Chromatos_S.AIA\Echantillon-2_hydro.CDF Translated at Tue Aug 01 13:22:51 2023 Elapsed: 4 sec
S:\Echange\Stage Alix MACGREGOR\Echantillons_AIA\Chromatos_S.AIA\Echantillon-3_alcool.CDF Translated at Tue Aug 01 13:22:55 2023 Elapsed: 1 sec
S:\Echange\Stage Alix MACGREGOR\Echantillons_AIA\Chromatos_S.AIA\Echantillon-3_hydro.CDF Translated at Tue Aug 01 13:22:56 2023 Elapsed: 3 sec
S:\Echange\Stage Alix MACGREGOR\Echantillons_AIA\Chromatos_S.AIA\Echantillon-4_alcool.CDF Translated at Tue Aug 01 13:23:00 2023 Elapsed: 1 sec
S:\Echange\Stage Alix MACGREGOR\Echantillons_AIA\Chromatos_S.AIA\Echantillon-4_hydro.CDF Translated at Tue Aug 01 13:23:01 2023 Elapsed: 3 sec
S:\Echange\Stage Alix MACGREGOR\Echantillons_AIA\Chromatos_S.AIA\Echantillon-5_alcool.CDF Translated at Tue Aug 01 13:23:04 2023 Elapsed: 1 sec
S:\Echange\Stage Alix MACGREGOR\Echantillons_AIA\Chromatos_S.AIA\Echantillon-5_hydro.CDF Translated at Tue Aug 01 13:23:06 2023 Elapsed: 3 sec
S:\Echange\Stage Alix MACGREGOR\Echantillons_AIA\Chromatos_S.AIA\Echantillon-6_alcool.CDF Translated at Tue Aug 01 13:23:09 2023 Elapsed: 1 sec
S:\Echange\Stage Alix MACGREGOR\Echantillons_AIA\Chromatos_S.AIA\Echantillon-6_hydro.CDF Translated at Tue Aug 01 13:23:10 2023 Elapsed: 3 sec
S:\Echange\Stage Alix MACGREGOR\Echantillons_AIA\Chromatos_S.AIA\Echantillon-7_alcool.CDF Translated at Tue Aug 01 13:23:13 2023 Elapsed: 2 sec
S:\Echange\Stage Alix MACGREGOR\Echantillons_AIA\Chromatos_S.AIA\Echantillon-7_hydro.CDF Translated at Tue Aug 01 13:23:15 2023 Elapsed: 3 sec
S:\Echange\Stage Alix MACGREGOR\Echantillons_AIA\Chromatos_S.AIA\Echantillon-8_alcool.CDF Translated at Tue Aug 01 13:23:18 2023 Elapsed: 1 sec
S:\Echange\Stage Alix MACGREGOR\Echantillons_AIA\Chromatos_S.AIA\Echantillon-8_hydro.CDF Translated at Tue Aug 01 13:23:20 2023 Elapsed: 3 sec
S:\Echange\Stage Alix MACGREGOR\Echantillons_AIA\Chromatos_S.AIA\Echantillon-9_alcool.CDF Translated at Tue Aug 01 13:23:23 2023 Elapsed: 2 sec
S:\Echange\Stage Alix MACGREGOR\Echantillons_AIA\Chromatos_S.AIA\Echantillon-9_hydro.CDF Translated at Tue Aug 01 13:23:25 2023 Elapsed: 3 sec
S:\Echange\Stage Alix MACGREGOR\Echantillons_AIA\Chromatos_S.AIA\essence F mieuxa.CDF Translated at Tue Aug 01 13:23:28 2023 Elapsed: 2 sec
S:\Echange\Stage Alix MACGREGOR\Echantillons_AIA\Chromatos_S.AIA\Essence_C_Onyx_2012 alcool.CDF Translated at Tue Aug 01 13:23:30 2023 Elapsed: 2 sec
S:\Echange\Stage Alix MACGREGOR\Echantillons_AIA\Chromatos_S.AIA\Essence_C_Onyx_2012 hydro.CDF Translated at Tue Aug 01 13:23:32 2023 Elapsed: 2 sec
S:\Echange\Stage Alix MACGREGOR\Echantillons_AIA\Chromatos_S.AIA\Essence_C_Onyx_bouteille alcool.CDF Translated at Tue Aug 01 13:23:35 2023 Elapsed: 1 sec
S:\Echange\Stage Alix MACGREGOR\Echantillons_AIA\Chromatos_S.AIA\Essence_C_Onyx_bouteille hydro.CDF Translated at Tue Aug 01 13:23:36 2023 Elapsed: 3 sec
S:\Echange\Stage Alix MACGREGOR\Echantillons_AIA\Chromatos_S.AIA\Essence_de_terebenthine_Mieuxa_alcool.CDF Translated at Tue Aug 01 13:23:39 2023 Elapsed: 1 sec
S:\Echange\Stage Alix MACGREGOR\Echantillons_AIA\Chromatos_S.AIA\Essence_de_terebenthine_Mieuxa_hydro.CDF Translated at Tue Aug 01 13:23:40 2023 Elapsed: 4 sec
S:\Echange\Stage Alix MACGREGOR\Echantillons_AIA\Chromatos_S.AIA\Essence_F_Mieuxa_2012_alcool.CDF Translated at Tue Aug 01 13:23:44 2023 Elapsed: 1 sec
S:\Echange\Stage Alix MACGREGOR\Echantillons_AIA\Chromatos_S.AIA\Essence_F_mieuxa_bis_2012_hydro.CDF Translated at Tue Aug 01 13:23:45 2023 Elapsed: 4 sec
S:\Echange\Stage Alix MACGREGOR\Echantillons_AIA\Chromatos_S.AIA\Essence_F_Onyx_2012 alcool.CDF Translated at Tue Aug 01 13:23:49 2023 Elapsed: 1 sec
S:\Echange\Stage Alix MACGREGOR\Echantillons_AIA\Chromatos_S.AIA\Essence_F_Onyx_2012 hydro.CDF Translated at Tue Aug 01 13:23:50 2023 Elapsed: 3 sec
