Beginning Export Process Tue Jun 20 14:20:12 2023
S:\Echange\Stage Alix MACGREGOR\Echantillons_AIA\Chromatos_A.AIA\ech119.CDF Translated at Tue Jun 20 14:20:12 2023 Elapsed: 2 sec
S:\Echange\Stage Alix MACGREGOR\Echantillons_AIA\Chromatos_A.AIA\ech120.CDF Translated at Tue Jun 20 14:20:14 2023 Elapsed: 2 sec
S:\Echange\Stage Alix MACGREGOR\Echantillons_AIA\Chromatos_A.AIA\ech125.CDF Translated at Tue Jun 20 14:20:16 2023 Elapsed: 2 sec
S:\Echange\Stage Alix MACGREGOR\Echantillons_AIA\Chromatos_A.AIA\ech133.CDF Translated at Tue Jun 20 14:20:18 2023 Elapsed: 3 sec
S:\Echange\Stage Alix MACGREGOR\Echantillons_AIA\Chromatos_A.AIA\ech134.CDF Translated at Tue Jun 20 14:20:21 2023 Elapsed: 2 sec
S:\Echange\Stage Alix MACGREGOR\Echantillons_AIA\Chromatos_A.AIA\ech135.CDF Translated at Tue Jun 20 14:20:23 2023 Elapsed: 2 sec
S:\Echange\Stage Alix MACGREGOR\Echantillons_AIA\Chromatos_A.AIA\ech155.CDF Translated at Tue Jun 20 14:20:25 2023 Elapsed: 3 sec
S:\Echange\Stage Alix MACGREGOR\Echantillons_AIA\Chromatos_A.AIA\ech215.CDF Translated at Tue Jun 20 14:20:28 2023 Elapsed: 2 sec
S:\Echange\Stage Alix MACGREGOR\Echantillons_AIA\Chromatos_A.AIA\ech245.CDF Translated at Tue Jun 20 14:20:30 2023 Elapsed: 3 sec
S:\Echange\Stage Alix MACGREGOR\Echantillons_AIA\Chromatos_A.AIA\ech305.CDF Translated at Tue Jun 20 14:20:33 2023 Elapsed: 2 sec
S:\Echange\Stage Alix MACGREGOR\Echantillons_AIA\Chromatos_A.AIA\ech71.CDF Translated at Tue Jun 20 14:20:35 2023 Elapsed: 2 sec
S:\Echange\Stage Alix MACGREGOR\Echantillons_AIA\Chromatos_A.AIA\ech83.CDF Translated at Tue Jun 20 14:20:37 2023 Elapsed: 2 sec
S:\Echange\Stage Alix MACGREGOR\Echantillons_AIA\Chromatos_A.AIA\ech84.CDF Translated at Tue Jun 20 14:20:39 2023 Elapsed: 2 sec
S:\Echange\Stage Alix MACGREGOR\Echantillons_AIA\Chromatos_A.AIA\ech96.CDF Translated at Tue Jun 20 14:20:41 2023 Elapsed: 2 sec
Beginning Export Process Tue Aug 01 13:08:56 2023
S:\Echange\Stage Alix MACGREGOR\Echantillons_AIA\Chromatos_D.AIA\AMIFLAM_Cube_alcool.CDF Translated at Tue Aug 01 13:08:56 2023 Elapsed: 2 sec
S:\Echange\Stage Alix MACGREGOR\Echantillons_AIA\Chromatos_D.AIA\AMIFLAM_Cube_hydro.CDF Translated at Tue Aug 01 13:08:58 2023 Elapsed: 4 sec
S:\Echange\Stage Alix MACGREGOR\Echantillons_AIA\Chromatos_D.AIA\ESBIT_Cube_alcool.CDF Translated at Tue Aug 01 13:09:02 2023 Elapsed: 1 sec
S:\Echange\Stage Alix MACGREGOR\Echantillons_AIA\Chromatos_D.AIA\ESBIT_Cube_hydro.CDF Translated at Tue Aug 01 13:09:03 2023 Elapsed: 3 sec
